<?xml version="1.0" encoding="UTF-8"?>
<testsuite name="org.gradle.webservice.TestTestTest" tests="2" skipped="0" failures="0" errors="0" timestamp="2017-10-16T07:23:15" hostname="Valters-MacBook-Pro.local" time="0.013">
  <properties/>
  <testcase name="testApiCompileClasspath" classname="org.gradle.webservice.TestTestTest" time="0.001"/>
  <testcase name="testClasspath" classname="org.gradle.webservice.TestTestTest" time="0.012"/>
  <system-out><![CDATA[]]></system-out>
  <system-err><![CDATA[]]></system-err>
</testsuite>
